<?xml version="1.0" encoding="UTF-8"?>
<testsuite name="com.example.springboot.web.IndexControllerTest" tests="1" skipped="0" failures="0" errors="0" timestamp="2022-01-11T13:55:12" hostname="DESKTOP-1GHSRB5" time="0.166">
  <properties/>
  <testcase name="메인페이지_로딩" classname="com.example.springboot.web.IndexControllerTest" time="0.166"/>
  <system-out><![CDATA[2022-01-11 22:55:10.889  INFO 13032 --- [    Test worker] .b.t.c.SpringBootTestContextBootstrapper : Neither @ContextConfiguration nor @ContextHierarchy found for test class [com.example.springboot.web.IndexControllerTest], using SpringBootContextLoader
2022-01-11 22:55:10.890  INFO 13032 --- [    Test worker] o.s.t.c.support.AbstractContextLoader    : Could not detect default resource locations for test class [com.example.springboot.web.IndexControllerTest]: no resource found for suffixes {-context.xml, Context.groovy}.
2022-01-11 22:55:10.890  INFO 13032 --- [    Test worker] t.c.s.AnnotationConfigContextLoaderUtils : Could not detect default configuration classes for test class [com.example.springboot.web.IndexControllerTest]: IndexControllerTest does not declare any static, non-private, non-final, nested classes annotated with @Configuration.
2022-01-11 22:55:10.898  INFO 13032 --- [    Test worker] .b.t.c.SpringBootTestContextBootstrapper : Found @SpringBootConfiguration com.example.springboot.Application for test class com.example.springboot.web.IndexControllerTest
2022-01-11 22:55:10.899  INFO 13032 --- [    Test worker] .b.t.c.SpringBootTestContextBootstrapper : Loaded default TestExecutionListener class names from location [META-INF/spring.factories]: [org.springframework.security.test.context.support.WithSecurityContextTestExecutionListener, org.springframework.security.test.context.support.ReactorContextTestExecutionListener, org.springframework.boot.test.autoconfigure.restdocs.RestDocsTestExecutionListener, org.springframework.boot.test.autoconfigure.web.client.MockRestServiceServerResetTestExecutionListener, org.springframework.boot.test.autoconfigure.web.servlet.MockMvcPrintOnlyOnFailureTestExecutionListener, org.springframework.boot.test.autoconfigure.web.servlet.WebDriverTestExecutionListener, org.springframework.boot.test.mock.mockito.MockitoTestExecutionListener, org.springframework.boot.test.mock.mockito.ResetMocksTestExecutionListener, org.springframework.test.context.web.ServletTestExecutionListener, org.springframework.test.context.support.DirtiesContextBeforeModesTestExecutionListener, org.springframework.test.context.support.DependencyInjectionTestExecutionListener, org.springframework.test.context.support.DirtiesContextTestExecutionListener, org.springframework.test.context.transaction.TransactionalTestExecutionListener, org.springframework.test.context.jdbc.SqlScriptsTestExecutionListener]
2022-01-11 22:55:10.900  INFO 13032 --- [    Test worker] .b.t.c.SpringBootTestContextBootstrapper : Using TestExecutionListeners: [org.springframework.test.context.web.ServletTestExecutionListener@5bbb7b3e, org.springframework.test.context.support.DirtiesContextBeforeModesTestExecutionListener@712371c2, org.springframework.boot.test.mock.mockito.MockitoTestExecutionListener@27576be5, org.springframework.boot.test.autoconfigure.SpringBootDependencyInjectionTestExecutionListener@675d99d2, org.springframework.test.context.support.DirtiesContextTestExecutionListener@673f6c8c, org.springframework.test.context.transaction.TransactionalTestExecutionListener@df8bcc8, org.springframework.test.context.jdbc.SqlScriptsTestExecutionListener@116ce6d1, org.springframework.security.test.context.support.WithSecurityContextTestExecutionListener@1af47e27, org.springframework.security.test.context.support.ReactorContextTestExecutionListener@6b32af9, org.springframework.boot.test.autoconfigure.restdocs.RestDocsTestExecutionListener@4ee5c81b, org.springframework.boot.test.autoconfigure.web.client.MockRestServiceServerResetTestExecutionListener@38c9f578, org.springframework.boot.test.autoconfigure.web.servlet.MockMvcPrintOnlyOnFailureTestExecutionListener@175b100, org.springframework.boot.test.autoconfigure.web.servlet.WebDriverTestExecutionListener@1e0ea735, org.springframework.boot.test.mock.mockito.ResetMocksTestExecutionListener@7ecb11ff]

  .   ____          _            __ _ _
 /\\ / ___'_ __ _ _(_)_ __  __ _ \ \ \ \
( ( )\___ | '_ | '_| | '_ \/ _` | \ \ \ \
 \\/  ___)| |_)| | | | | || (_| |  ) ) ) )
  '  |____| .__|_| |_|_| |_\__, | / / / /
 =========|_|==============|___/=/_/_/_/
 :: Spring Boot ::        (v2.1.7.RELEASE)

2022-01-11 22:55:10.934  INFO 13032 --- [    Test worker] c.e.springboot.web.IndexControllerTest   : Starting IndexControllerTest on DESKTOP-1GHSRB5 with PID 13032 (started by rntll in C:\Users\rntll\web1)
2022-01-11 22:55:10.935  INFO 13032 --- [    Test worker] c.e.springboot.web.IndexControllerTest   : No active profile set, falling back to default profiles: default
2022-01-11 22:55:11.132  INFO 13032 --- [    Test worker] .s.d.r.c.RepositoryConfigurationDelegate : Bootstrapping Spring Data repositories in DEFAULT mode.
2022-01-11 22:55:11.155  INFO 13032 --- [    Test worker] .s.d.r.c.RepositoryConfigurationDelegate : Finished Spring Data repository scanning in 23ms. Found 2 repository interfaces.
2022-01-11 22:55:11.244  INFO 13032 --- [    Test worker] trationDelegate$BeanPostProcessorChecker : Bean 'org.springframework.transaction.annotation.ProxyTransactionManagementConfiguration' of type [org.springframework.transaction.annotation.ProxyTransactionManagementConfiguration$$EnhancerBySpringCGLIB$$74593ff3] is not eligible for getting processed by all BeanPostProcessors (for example: not eligible for auto-proxying)
2022-01-11 22:55:11.491  INFO 13032 --- [    Test worker] o.s.b.w.embedded.tomcat.TomcatWebServer  : Tomcat initialized with port(s): 0 (http)
2022-01-11 22:55:11.520  INFO 13032 --- [    Test worker] o.apache.catalina.core.StandardService   : Starting service [Tomcat]
2022-01-11 22:55:11.520  INFO 13032 --- [    Test worker] org.apache.catalina.core.StandardEngine  : Starting Servlet engine: [Apache Tomcat/9.0.22]
2022-01-11 22:55:11.672  INFO 13032 --- [    Test worker] o.a.c.c.C.[Tomcat].[localhost].[/]       : Initializing Spring embedded WebApplicationContext
2022-01-11 22:55:11.673  INFO 13032 --- [    Test worker] o.s.web.context.ContextLoader            : Root WebApplicationContext: initialization completed in 736 ms
2022-01-11 22:55:11.830  INFO 13032 --- [    Test worker] com.zaxxer.hikari.HikariDataSource       : HikariPool-2 - Starting...
2022-01-11 22:55:11.831  INFO 13032 --- [    Test worker] com.zaxxer.hikari.HikariDataSource       : HikariPool-2 - Start completed.
2022-01-11 22:55:11.865  INFO 13032 --- [    Test worker] o.hibernate.jpa.internal.util.LogHelper  : HHH000204: Processing PersistenceUnitInfo [
	name: default
	...]
2022-01-11 22:55:11.875  INFO 13032 --- [    Test worker] org.hibernate.dialect.Dialect            : HHH000400: Using dialect: org.hibernate.dialect.MySQL5InnoDBDialect
Hibernate: drop table if exists posts
Hibernate: drop table if exists user
Hibernate: create table posts (id bigint not null auto_increment, created_date datetime, modified_date datetime, author varchar(255), content TEXT not null, title varchar(500) not null, primary key (id)) engine=InnoDB
Hibernate: create table user (id bigint not null auto_increment, created_date datetime, modified_date datetime, email varchar(255) not null, name varchar(255) not null, picture varchar(255), role varchar(255) not null, primary key (id)) engine=InnoDB
2022-01-11 22:55:11.921  INFO 13032 --- [    Test worker] o.h.t.schema.internal.SchemaCreatorImpl  : HHH000476: Executing import script 'org.hibernate.tool.schema.internal.exec.ScriptSourceInputNonExistentImpl@7a2dd1cc'
2022-01-11 22:55:11.922  INFO 13032 --- [    Test worker] j.LocalContainerEntityManagerFactoryBean : Initialized JPA EntityManagerFactory for persistence unit 'default'
2022-01-11 22:55:12.210  INFO 13032 --- [    Test worker] o.h.h.i.QueryTranslatorFactoryInitiator  : HHH000397: Using ASTQueryTranslatorFactory
2022-01-11 22:55:12.355  INFO 13032 --- [    Test worker] o.s.s.web.DefaultSecurityFilterChain     : Creating filter chain: any request, [org.springframework.security.web.context.request.async.WebAsyncManagerIntegrationFilter@746de5a1, org.springframework.security.web.context.SecurityContextPersistenceFilter@77412aa8, org.springframework.security.web.header.HeaderWriterFilter@cc15eba, org.springframework.security.web.authentication.logout.LogoutFilter@7a51f300, org.springframework.security.oauth2.client.web.OAuth2AuthorizationRequestRedirectFilter@1edbe240, org.springframework.security.oauth2.client.web.OAuth2LoginAuthenticationFilter@3612baf1, org.springframework.security.web.authentication.ui.DefaultLoginPageGeneratingFilter@4bb8d55, org.springframework.security.web.authentication.ui.DefaultLogoutPageGeneratingFilter@a4891e2, org.springframework.security.web.savedrequest.RequestCacheAwareFilter@31eefc10, org.springframework.security.web.servletapi.SecurityContextHolderAwareRequestFilter@37dc5019, org.springframework.security.web.authentication.AnonymousAuthenticationFilter@4bc0bb09, org.springframework.security.web.session.SessionManagementFilter@79295fa8, org.springframework.security.web.access.ExceptionTranslationFilter@53a2a971, org.springframework.security.web.access.intercept.FilterSecurityInterceptor@5c9459ef]
2022-01-11 22:55:12.533  INFO 13032 --- [    Test worker] o.s.s.concurrent.ThreadPoolTaskExecutor  : Initializing ExecutorService 'applicationTaskExecutor'
2022-01-11 22:55:12.545  WARN 13032 --- [    Test worker] aWebConfiguration$JpaWebMvcConfiguration : spring.jpa.open-in-view is enabled by default. Therefore, database queries may be performed during view rendering. Explicitly configure spring.jpa.open-in-view to disable this warning
2022-01-11 22:55:12.569  INFO 13032 --- [    Test worker] o.s.b.a.w.s.WelcomePageHandlerMapping    : Adding welcome page template: index
2022-01-11 22:55:12.860  INFO 13032 --- [    Test worker] s.a.ScheduledAnnotationBeanPostProcessor : No TaskScheduler/ScheduledExecutorService bean found for scheduled processing
2022-01-11 22:55:12.878  INFO 13032 --- [    Test worker] o.s.b.w.embedded.tomcat.TomcatWebServer  : Tomcat started on port(s): 64567 (http) with context path ''
2022-01-11 22:55:12.878  INFO 13032 --- [    Test worker] c.e.springboot.web.IndexControllerTest   : Started IndexControllerTest in 1.976 seconds (JVM running for 10.277)
2022-01-11 22:55:12.962  INFO 13032 --- [o-auto-1-exec-1] o.a.c.c.C.[Tomcat].[localhost].[/]       : Initializing Spring DispatcherServlet 'dispatcherServlet'
2022-01-11 22:55:12.962  INFO 13032 --- [o-auto-1-exec-1] o.s.web.servlet.DispatcherServlet        : Initializing Servlet 'dispatcherServlet'
2022-01-11 22:55:12.983  INFO 13032 --- [o-auto-1-exec-1] o.s.web.servlet.DispatcherServlet        : Completed initialization in 21 ms
Hibernate: select posts0_.id as id1_0_, posts0_.created_date as created_2_0_, posts0_.modified_date as modified3_0_, posts0_.author as author4_0_, posts0_.content as content5_0_, posts0_.title as title6_0_ from posts posts0_ order by posts0_.id DESC
]]></system-out>
  <system-err><![CDATA[]]></system-err>
</testsuite>
