<?xml version="1.0" encoding="UTF-8"?>
<testsuite name="com.example.springboot.HelloControllerTest" tests="2" skipped="0" failures="0" errors="0" timestamp="2022-01-11T13:55:10" hostname="DESKTOP-1GHSRB5" time="0.141">
  <properties/>
  <testcase name="hello가_리턴된다" classname="com.example.springboot.HelloControllerTest" time="0.063"/>
  <testcase name="helloDto가_리턴된다" classname="com.example.springboot.HelloControllerTest" time="0.078"/>
  <system-out><![CDATA[2022-01-11 22:55:09.888  INFO 13032 --- [    Test worker] .b.t.a.w.s.WebMvcTestContextBootstrapper : Neither @ContextConfiguration nor @ContextHierarchy found for test class [com.example.springboot.HelloControllerTest], using SpringBootContextLoader
2022-01-11 22:55:09.889  INFO 13032 --- [    Test worker] o.s.t.c.support.AbstractContextLoader    : Could not detect default resource locations for test class [com.example.springboot.HelloControllerTest]: no resource found for suffixes {-context.xml, Context.groovy}.
2022-01-11 22:55:09.890  INFO 13032 --- [    Test worker] t.c.s.AnnotationConfigContextLoaderUtils : Could not detect default configuration classes for test class [com.example.springboot.HelloControllerTest]: HelloControllerTest does not declare any static, non-private, non-final, nested classes annotated with @Configuration.
2022-01-11 22:55:09.907  INFO 13032 --- [    Test worker] .b.t.c.SpringBootTestContextBootstrapper : Found @SpringBootConfiguration com.example.springboot.Application for test class com.example.springboot.HelloControllerTest
2022-01-11 22:55:09.908  INFO 13032 --- [    Test worker] .b.t.a.w.s.WebMvcTestContextBootstrapper : Loaded default TestExecutionListener class names from location [META-INF/spring.factories]: [org.springframework.security.test.context.support.WithSecurityContextTestExecutionListener, org.springframework.security.test.context.support.ReactorContextTestExecutionListener, org.springframework.boot.test.autoconfigure.restdocs.RestDocsTestExecutionListener, org.springframework.boot.test.autoconfigure.web.client.MockRestServiceServerResetTestExecutionListener, org.springframework.boot.test.autoconfigure.web.servlet.MockMvcPrintOnlyOnFailureTestExecutionListener, org.springframework.boot.test.autoconfigure.web.servlet.WebDriverTestExecutionListener, org.springframework.boot.test.mock.mockito.MockitoTestExecutionListener, org.springframework.boot.test.mock.mockito.ResetMocksTestExecutionListener, org.springframework.test.context.web.ServletTestExecutionListener, org.springframework.test.context.support.DirtiesContextBeforeModesTestExecutionListener, org.springframework.test.context.support.DependencyInjectionTestExecutionListener, org.springframework.test.context.support.DirtiesContextTestExecutionListener, org.springframework.test.context.transaction.TransactionalTestExecutionListener, org.springframework.test.context.jdbc.SqlScriptsTestExecutionListener]
2022-01-11 22:55:09.909  INFO 13032 --- [    Test worker] .b.t.a.w.s.WebMvcTestContextBootstrapper : Using TestExecutionListeners: [org.springframework.test.context.web.ServletTestExecutionListener@14213c37, org.springframework.test.context.support.DirtiesContextBeforeModesTestExecutionListener@61d85f67, org.springframework.boot.test.mock.mockito.MockitoTestExecutionListener@3f0b876e, org.springframework.boot.test.autoconfigure.SpringBootDependencyInjectionTestExecutionListener@5dbb64f7, org.springframework.test.context.support.DirtiesContextTestExecutionListener@40663bf3, org.springframework.test.context.transaction.TransactionalTestExecutionListener@63e667ff, org.springframework.test.context.jdbc.SqlScriptsTestExecutionListener@35ac1a, org.springframework.security.test.context.support.WithSecurityContextTestExecutionListener@6affc37, org.springframework.security.test.context.support.ReactorContextTestExecutionListener@77e7f6b2, org.springframework.boot.test.autoconfigure.restdocs.RestDocsTestExecutionListener@276ebe2e, org.springframework.boot.test.autoconfigure.web.client.MockRestServiceServerResetTestExecutionListener@a1693a5, org.springframework.boot.test.autoconfigure.web.servlet.MockMvcPrintOnlyOnFailureTestExecutionListener@73a19894, org.springframework.boot.test.autoconfigure.web.servlet.WebDriverTestExecutionListener@3bbbb234, org.springframework.boot.test.mock.mockito.ResetMocksTestExecutionListener@6976f4a3]

  .   ____          _            __ _ _
 /\\ / ___'_ __ _ _(_)_ __  __ _ \ \ \ \
( ( )\___ | '_ | '_| | '_ \/ _` | \ \ \ \
 \\/  ___)| |_)| | | | | || (_| |  ) ) ) )
  '  |____| .__|_| |_|_| |_\__, | / / / /
 =========|_|==============|___/=/_/_/_/
 :: Spring Boot ::        (v2.1.7.RELEASE)

2022-01-11 22:55:09.940  INFO 13032 --- [    Test worker] c.e.springboot.HelloControllerTest       : Starting HelloControllerTest on DESKTOP-1GHSRB5 with PID 13032 (started by rntll in C:\Users\rntll\web1)
2022-01-11 22:55:09.941  INFO 13032 --- [    Test worker] c.e.springboot.HelloControllerTest       : No active profile set, falling back to default profiles: default
2022-01-11 22:55:10.329  INFO 13032 --- [    Test worker] o.s.s.concurrent.ThreadPoolTaskExecutor  : Initializing ExecutorService 'applicationTaskExecutor'
2022-01-11 22:55:10.360  INFO 13032 --- [    Test worker] o.s.b.a.w.s.WelcomePageHandlerMapping    : Adding welcome page template: index
2022-01-11 22:55:10.545  INFO 13032 --- [    Test worker] .s.s.UserDetailsServiceAutoConfiguration : 

Using generated security password: 0342e213-2ddc-4aeb-ad05-25e915dd37ad

2022-01-11 22:55:10.671  INFO 13032 --- [    Test worker] o.s.s.web.DefaultSecurityFilterChain     : Creating filter chain: any request, [org.springframework.security.web.context.request.async.WebAsyncManagerIntegrationFilter@157ef6cc, org.springframework.security.web.context.SecurityContextPersistenceFilter@389a2659, org.springframework.security.web.header.HeaderWriterFilter@4eb7d4a7, org.springframework.security.web.csrf.CsrfFilter@1ab3b6bb, org.springframework.security.web.authentication.logout.LogoutFilter@63900674, org.springframework.security.web.authentication.UsernamePasswordAuthenticationFilter@3e3a5bff, org.springframework.security.web.authentication.ui.DefaultLoginPageGeneratingFilter@6d47c8e2, org.springframework.security.web.authentication.ui.DefaultLogoutPageGeneratingFilter@4cb323ff, org.springframework.security.web.authentication.www.BasicAuthenticationFilter@6043fc0a, org.springframework.security.web.savedrequest.RequestCacheAwareFilter@61422684, org.springframework.security.web.servletapi.SecurityContextHolderAwareRequestFilter@11a0d4e7, org.springframework.security.web.authentication.AnonymousAuthenticationFilter@33ef25cf, org.springframework.security.web.session.SessionManagementFilter@4936b5a4, org.springframework.security.web.access.ExceptionTranslationFilter@47b3c648, org.springframework.security.web.access.intercept.FilterSecurityInterceptor@104629e9]
2022-01-11 22:55:10.703  INFO 13032 --- [    Test worker] o.s.b.t.m.w.SpringBootMockServletContext : Initializing Spring TestDispatcherServlet ''
2022-01-11 22:55:10.704  INFO 13032 --- [    Test worker] o.s.t.web.servlet.TestDispatcherServlet  : Initializing Servlet ''
2022-01-11 22:55:10.716  INFO 13032 --- [    Test worker] o.s.t.web.servlet.TestDispatcherServlet  : Completed initialization in 12 ms
2022-01-11 22:55:10.743  INFO 13032 --- [    Test worker] c.e.springboot.HelloControllerTest       : Started HelloControllerTest in 0.832 seconds (JVM running for 8.142)
]]></system-out>
  <system-err><![CDATA[]]></system-err>
</testsuite>
