<?xml version="1.0" encoding="UTF-8"?>
<testsuite name="com.example.springboot.dto.HelloResponseDtoTest" tests="1" skipped="0" failures="0" errors="0" timestamp="2022-01-11T13:55:09" hostname="DESKTOP-1GHSRB5" time="0.002">
  <properties/>
  <testcase name="롬북_기능_테스트" classname="com.example.springboot.dto.HelloResponseDtoTest" time="0.002"/>
  <system-out><![CDATA[]]></system-out>
  <system-err><![CDATA[]]></system-err>
</testsuite>
